<?xml version="1.0" encoding="UTF-8"?>
<testsuite xmlns:xsi="http://www.w3.org/2001/XMLSchema-instance" xsi:noNamespaceSchemaLocation="https://maven.apache.org/surefire/maven-surefire-plugin/xsd/surefire-test-report.xsd" name="org.wcy.AppTest" time="0.03" tests="1" errors="0" skipped="0" failures="0">
  <properties>
    <property name="sun.desktop" value="windows"/>
    <property name="awt.toolkit" value="sun.awt.windows.WToolkit"/>
    <property name="file.encoding.pkg" value="sun.io"/>
    <property name="java.specification.version" value="1.8"/>
    <property name="sun.cpu.isalist" value="amd64"/>
    <property name="sun.jnu.encoding" value="GBK"/>
    <property name="java.class.path" value="C:\software\ide\idea\ToolBox-ES\target\test-classes;C:\software\ide\idea\ToolBox-ES\target\classes;D:\mavenJar\junit\junit\4.11\junit-4.11.jar;D:\mavenJar\org\hamcrest\hamcrest-core\1.3\hamcrest-core-1.3.jar;D:\mavenJar\cn\wcy\ToolBox\1.0.0\ToolBox-1.0.0.jar;D:\mavenJar\com\alibaba\fastjson\1.2.51\fastjson-1.2.51.jar;D:\mavenJar\commons-beanutils\commons-beanutils\1.9.4\commons-beanutils-1.9.4.jar;D:\mavenJar\commons-logging\commons-logging\1.2\commons-logging-1.2.jar;D:\mavenJar\commons-collections\commons-collections\3.2.2\commons-collections-3.2.2.jar;D:\mavenJar\org\apache\httpcomponents\httpclient\4.5.6\httpclient-4.5.6.jar;D:\mavenJar\org\apache\httpcomponents\httpcore\4.4.10\httpcore-4.4.10.jar;D:\mavenJar\commons-httpclient\commons-httpclient\3.1\commons-httpclient-3.1.jar;D:\mavenJar\commons-codec\commons-codec\1.10\commons-codec-1.10.jar;D:\mavenJar\org\apache\commons\commons-lang3\3.4\commons-lang3-3.4.jar;D:\mavenJar\org\apache\commons\commons-collections4\4.4\commons-collections4-4.4.jar;D:\mavenJar\org\springframework\boot\spring-boot-starter-data-redis\2.1.8.RELEASE\spring-boot-starter-data-redis-2.1.8.RELEASE.jar;D:\mavenJar\org\springframework\data\spring-data-redis\2.1.10.RELEASE\spring-data-redis-2.1.10.RELEASE.jar;D:\mavenJar\org\springframework\data\spring-data-keyvalue\2.1.10.RELEASE\spring-data-keyvalue-2.1.10.RELEASE.jar;D:\mavenJar\org\springframework\spring-oxm\5.1.9.RELEASE\spring-oxm-5.1.9.RELEASE.jar;D:\mavenJar\org\springframework\spring-context-support\5.1.9.RELEASE\spring-context-support-5.1.9.RELEASE.jar;D:\mavenJar\io\lettuce\lettuce-core\5.1.8.RELEASE\lettuce-core-5.1.8.RELEASE.jar;D:\mavenJar\io\netty\netty-common\4.1.38.Final\netty-common-4.1.38.Final.jar;D:\mavenJar\io\netty\netty-handler\4.1.38.Final\netty-handler-4.1.38.Final.jar;D:\mavenJar\io\netty\netty-transport\4.1.38.Final\netty-transport-4.1.38.Final.jar;D:\mavenJar\io\projectreactor\reactor-core\3.2.11.RELEASE\reactor-core-3.2.11.RELEASE.jar;D:\mavenJar\org\reactivestreams\reactive-streams\1.0.2\reactive-streams-1.0.2.jar;D:\mavenJar\redis\clients\jedis\2.9.1\jedis-2.9.1.jar;D:\mavenJar\org\slf4j\slf4j-api\1.7.22\slf4j-api-1.7.22.jar;D:\mavenJar\org\apache\commons\commons-pool2\2.4.3\commons-pool2-2.4.3.jar;D:\mavenJar\org\springframework\boot\spring-boot-starter-web\2.1.0.RELEASE\spring-boot-starter-web-2.1.0.RELEASE.jar;D:\mavenJar\org\springframework\boot\spring-boot-starter-json\2.1.0.RELEASE\spring-boot-starter-json-2.1.0.RELEASE.jar;D:\mavenJar\com\fasterxml\jackson\datatype\jackson-datatype-jdk8\2.9.7\jackson-datatype-jdk8-2.9.7.jar;D:\mavenJar\com\fasterxml\jackson\datatype\jackson-datatype-jsr310\2.9.7\jackson-datatype-jsr310-2.9.7.jar;D:\mavenJar\com\fasterxml\jackson\module\jackson-module-parameter-names\2.9.7\jackson-module-parameter-names-2.9.7.jar;D:\mavenJar\org\springframework\boot\spring-boot-starter-tomcat\2.1.0.RELEASE\spring-boot-starter-tomcat-2.1.0.RELEASE.jar;D:\mavenJar\javax\annotation\javax.annotation-api\1.3.2\javax.annotation-api-1.3.2.jar;D:\mavenJar\org\apache\tomcat\embed\tomcat-embed-core\9.0.12\tomcat-embed-core-9.0.12.jar;D:\mavenJar\org\apache\tomcat\embed\tomcat-embed-el\9.0.12\tomcat-embed-el-9.0.12.jar;D:\mavenJar\org\apache\tomcat\embed\tomcat-embed-websocket\9.0.12\tomcat-embed-websocket-9.0.12.jar;D:\mavenJar\org\hibernate\validator\hibernate-validator\6.0.13.Final\hibernate-validator-6.0.13.Final.jar;D:\mavenJar\javax\validation\validation-api\2.0.1.Final\validation-api-2.0.1.Final.jar;D:\mavenJar\org\jboss\logging\jboss-logging\3.3.2.Final\jboss-logging-3.3.2.Final.jar;D:\mavenJar\com\fasterxml\classmate\1.3.4\classmate-1.3.4.jar;D:\mavenJar\org\springframework\spring-web\5.1.2.RELEASE\spring-web-5.1.2.RELEASE.jar;D:\mavenJar\org\springframework\spring-beans\5.1.2.RELEASE\spring-beans-5.1.2.RELEASE.jar;D:\mavenJar\org\springframework\spring-webmvc\5.1.2.RELEASE\spring-webmvc-5.1.2.RELEASE.jar;D:\mavenJar\org\springframework\spring-expression\5.1.2.RELEASE\spring-expression-5.1.2.RELEASE.jar;D:\mavenJar\org\springframework\boot\spring-boot-starter-aop\2.1.0.RELEASE\spring-boot-starter-aop-2.1.0.RELEASE.jar;D:\mavenJar\org\springframework\spring-aop\5.1.2.RELEASE\spring-aop-5.1.2.RELEASE.jar;D:\mavenJar\org\aspectj\aspectjweaver\1.9.2\aspectjweaver-1.9.2.jar;D:\mavenJar\org\projectlombok\lombok\1.18.12\lombok-1.18.12.jar;D:\mavenJar\org\springframework\boot\spring-boot-starter-data-elasticsearch\2.3.4.RELEASE\spring-boot-starter-data-elasticsearch-2.3.4.RELEASE.jar;D:\mavenJar\org\springframework\boot\spring-boot-starter\2.3.4.RELEASE\spring-boot-starter-2.3.4.RELEASE.jar;D:\mavenJar\org\springframework\boot\spring-boot\2.3.4.RELEASE\spring-boot-2.3.4.RELEASE.jar;D:\mavenJar\org\springframework\boot\spring-boot-autoconfigure\2.3.4.RELEASE\spring-boot-autoconfigure-2.3.4.RELEASE.jar;D:\mavenJar\org\springframework\boot\spring-boot-starter-logging\2.3.4.RELEASE\spring-boot-starter-logging-2.3.4.RELEASE.jar;D:\mavenJar\ch\qos\logback\logback-classic\1.2.3\logback-classic-1.2.3.jar;D:\mavenJar\ch\qos\logback\logback-core\1.2.3\logback-core-1.2.3.jar;D:\mavenJar\org\apache\logging\log4j\log4j-to-slf4j\2.13.3\log4j-to-slf4j-2.13.3.jar;D:\mavenJar\org\apache\logging\log4j\log4j-api\2.13.3\log4j-api-2.13.3.jar;D:\mavenJar\org\slf4j\jul-to-slf4j\1.7.30\jul-to-slf4j-1.7.30.jar;D:\mavenJar\jakarta\annotation\jakarta.annotation-api\1.3.5\jakarta.annotation-api-1.3.5.jar;D:\mavenJar\org\springframework\spring-core\5.2.9.RELEASE\spring-core-5.2.9.RELEASE.jar;D:\mavenJar\org\springframework\spring-jcl\5.2.9.RELEASE\spring-jcl-5.2.9.RELEASE.jar;D:\mavenJar\org\yaml\snakeyaml\1.26\snakeyaml-1.26.jar;D:\mavenJar\org\springframework\data\spring-data-elasticsearch\4.0.4.RELEASE\spring-data-elasticsearch-4.0.4.RELEASE.jar;D:\mavenJar\org\springframework\spring-context\5.2.9.RELEASE\spring-context-5.2.9.RELEASE.jar;D:\mavenJar\org\springframework\spring-tx\5.2.9.RELEASE\spring-tx-5.2.9.RELEASE.jar;D:\mavenJar\org\springframework\data\spring-data-commons\2.3.4.RELEASE\spring-data-commons-2.3.4.RELEASE.jar;D:\mavenJar\org\elasticsearch\plugin\transport-netty4-client\7.6.2\transport-netty4-client-7.6.2.jar;D:\mavenJar\io\netty\netty-buffer\4.1.43.Final\netty-buffer-4.1.43.Final.jar;D:\mavenJar\io\netty\netty-codec\4.1.43.Final\netty-codec-4.1.43.Final.jar;D:\mavenJar\io\netty\netty-codec-http\4.1.43.Final\netty-codec-http-4.1.43.Final.jar;D:\mavenJar\io\netty\netty-resolver\4.1.43.Final\netty-resolver-4.1.43.Final.jar;D:\mavenJar\org\elasticsearch\client\elasticsearch-rest-high-level-client\7.6.2\elasticsearch-rest-high-level-client-7.6.2.jar;D:\mavenJar\org\elasticsearch\elasticsearch\7.6.2\elasticsearch-7.6.2.jar;D:\mavenJar\org\elasticsearch\elasticsearch-core\7.6.2\elasticsearch-core-7.6.2.jar;D:\mavenJar\org\elasticsearch\elasticsearch-secure-sm\7.6.2\elasticsearch-secure-sm-7.6.2.jar;D:\mavenJar\org\elasticsearch\elasticsearch-x-content\7.6.2\elasticsearch-x-content-7.6.2.jar;D:\mavenJar\com\fasterxml\jackson\dataformat\jackson-dataformat-smile\2.8.11\jackson-dataformat-smile-2.8.11.jar;D:\mavenJar\com\fasterxml\jackson\dataformat\jackson-dataformat-yaml\2.8.11\jackson-dataformat-yaml-2.8.11.jar;D:\mavenJar\com\fasterxml\jackson\dataformat\jackson-dataformat-cbor\2.8.11\jackson-dataformat-cbor-2.8.11.jar;D:\mavenJar\org\elasticsearch\elasticsearch-geo\7.6.2\elasticsearch-geo-7.6.2.jar;D:\mavenJar\org\apache\lucene\lucene-core\8.4.0\lucene-core-8.4.0.jar;D:\mavenJar\org\apache\lucene\lucene-analyzers-common\8.4.0\lucene-analyzers-common-8.4.0.jar;D:\mavenJar\org\apache\lucene\lucene-backward-codecs\8.4.0\lucene-backward-codecs-8.4.0.jar;D:\mavenJar\org\apache\lucene\lucene-grouping\8.4.0\lucene-grouping-8.4.0.jar;D:\mavenJar\org\apache\lucene\lucene-highlighter\8.4.0\lucene-highlighter-8.4.0.jar;D:\mavenJar\org\apache\lucene\lucene-join\8.4.0\lucene-join-8.4.0.jar;D:\mavenJar\org\apache\lucene\lucene-memory\8.4.0\lucene-memory-8.4.0.jar;D:\mavenJar\org\apache\lucene\lucene-misc\8.4.0\lucene-misc-8.4.0.jar;D:\mavenJar\org\apache\lucene\lucene-queries\8.4.0\lucene-queries-8.4.0.jar;D:\mavenJar\org\apache\lucene\lucene-queryparser\8.4.0\lucene-queryparser-8.4.0.jar;D:\mavenJar\org\apache\lucene\lucene-sandbox\8.4.0\lucene-sandbox-8.4.0.jar;D:\mavenJar\org\apache\lucene\lucene-spatial\8.4.0\lucene-spatial-8.4.0.jar;D:\mavenJar\org\apache\lucene\lucene-spatial-extras\8.4.0\lucene-spatial-extras-8.4.0.jar;D:\mavenJar\org\apache\lucene\lucene-spatial3d\8.4.0\lucene-spatial3d-8.4.0.jar;D:\mavenJar\org\apache\lucene\lucene-suggest\8.4.0\lucene-suggest-8.4.0.jar;D:\mavenJar\org\elasticsearch\elasticsearch-cli\7.6.2\elasticsearch-cli-7.6.2.jar;D:\mavenJar\net\sf\jopt-simple\jopt-simple\5.0.2\jopt-simple-5.0.2.jar;D:\mavenJar\com\carrotsearch\hppc\0.8.1\hppc-0.8.1.jar;D:\mavenJar\joda-time\joda-time\2.10.4\joda-time-2.10.4.jar;D:\mavenJar\com\tdunning\t-digest\3.2\t-digest-3.2.jar;D:\mavenJar\org\hdrhistogram\HdrHistogram\2.1.9\HdrHistogram-2.1.9.jar;D:\mavenJar\org\elasticsearch\jna\4.5.1\jna-4.5.1.jar;D:\mavenJar\org\elasticsearch\client\elasticsearch-rest-client\7.6.2\elasticsearch-rest-client-7.6.2.jar;D:\mavenJar\org\apache\httpcomponents\httpasyncclient\4.1.4\httpasyncclient-4.1.4.jar;D:\mavenJar\org\apache\httpcomponents\httpcore-nio\4.4.12\httpcore-nio-4.4.12.jar;D:\mavenJar\org\elasticsearch\plugin\mapper-extras-client\7.6.2\mapper-extras-client-7.6.2.jar;D:\mavenJar\org\elasticsearch\plugin\parent-join-client\7.6.2\parent-join-client-7.6.2.jar;D:\mavenJar\org\elasticsearch\plugin\aggs-matrix-stats-client\7.6.2\aggs-matrix-stats-client-7.6.2.jar;D:\mavenJar\org\elasticsearch\plugin\rank-eval-client\7.6.2\rank-eval-client-7.6.2.jar;D:\mavenJar\org\elasticsearch\plugin\lang-mustache-client\7.6.2\lang-mustache-client-7.6.2.jar;D:\mavenJar\com\github\spullara\mustache\java\compiler\0.9.6\compiler-0.9.6.jar;D:\mavenJar\com\fasterxml\jackson\core\jackson-core\2.11.2\jackson-core-2.11.2.jar;D:\mavenJar\com\fasterxml\jackson\core\jackson-databind\2.11.2\jackson-databind-2.11.2.jar;D:\mavenJar\com\fasterxml\jackson\core\jackson-annotations\2.11.2\jackson-annotations-2.11.2.jar;D:\mavenJar\cn\hutool\hutool-all\5.5.2\hutool-all-5.5.2.jar;"/>
    <property name="java.vm.vendor" value="Oracle Corporation"/>
    <property name="sun.arch.data.model" value="64"/>
    <property name="user.variant" value=""/>
    <property name="java.vendor.url" value="http://java.oracle.com/"/>
    <property name="user.timezone" value="Asia/Shanghai"/>
    <property name="java.vm.specification.version" value="1.8"/>
    <property name="os.name" value="Windows 10"/>
    <property name="user.country" value="CN"/>
    <property name="sun.java.launcher" value="SUN_STANDARD"/>
    <property name="sun.boot.library.path" value="C:\software\java\jdk1.8\jre\bin"/>
    <property name="sun.java.command" value="C:\Users\王晨阳\AppData\Local\Temp\surefire4823647708231363883\surefirebooter5193627170288541600.jar C:\Users\王晨阳\AppData\Local\Temp\surefire4823647708231363883 2021-03-09T13-45-10_948-jvmRun1 surefire3958782416281724939tmp surefire_07247831185720128731tmp"/>
    <property name="surefire.test.class.path" value="C:\software\ide\idea\ToolBox-ES\target\test-classes;C:\software\ide\idea\ToolBox-ES\target\classes;D:\mavenJar\junit\junit\4.11\junit-4.11.jar;D:\mavenJar\org\hamcrest\hamcrest-core\1.3\hamcrest-core-1.3.jar;D:\mavenJar\cn\wcy\ToolBox\1.0.0\ToolBox-1.0.0.jar;D:\mavenJar\com\alibaba\fastjson\1.2.51\fastjson-1.2.51.jar;D:\mavenJar\commons-beanutils\commons-beanutils\1.9.4\commons-beanutils-1.9.4.jar;D:\mavenJar\commons-logging\commons-logging\1.2\commons-logging-1.2.jar;D:\mavenJar\commons-collections\commons-collections\3.2.2\commons-collections-3.2.2.jar;D:\mavenJar\org\apache\httpcomponents\httpclient\4.5.6\httpclient-4.5.6.jar;D:\mavenJar\org\apache\httpcomponents\httpcore\4.4.10\httpcore-4.4.10.jar;D:\mavenJar\commons-httpclient\commons-httpclient\3.1\commons-httpclient-3.1.jar;D:\mavenJar\commons-codec\commons-codec\1.10\commons-codec-1.10.jar;D:\mavenJar\org\apache\commons\commons-lang3\3.4\commons-lang3-3.4.jar;D:\mavenJar\org\apache\commons\commons-collections4\4.4\commons-collections4-4.4.jar;D:\mavenJar\org\springframework\boot\spring-boot-starter-data-redis\2.1.8.RELEASE\spring-boot-starter-data-redis-2.1.8.RELEASE.jar;D:\mavenJar\org\springframework\data\spring-data-redis\2.1.10.RELEASE\spring-data-redis-2.1.10.RELEASE.jar;D:\mavenJar\org\springframework\data\spring-data-keyvalue\2.1.10.RELEASE\spring-data-keyvalue-2.1.10.RELEASE.jar;D:\mavenJar\org\springframework\spring-oxm\5.1.9.RELEASE\spring-oxm-5.1.9.RELEASE.jar;D:\mavenJar\org\springframework\spring-context-support\5.1.9.RELEASE\spring-context-support-5.1.9.RELEASE.jar;D:\mavenJar\io\lettuce\lettuce-core\5.1.8.RELEASE\lettuce-core-5.1.8.RELEASE.jar;D:\mavenJar\io\netty\netty-common\4.1.38.Final\netty-common-4.1.38.Final.jar;D:\mavenJar\io\netty\netty-handler\4.1.38.Final\netty-handler-4.1.38.Final.jar;D:\mavenJar\io\netty\netty-transport\4.1.38.Final\netty-transport-4.1.38.Final.jar;D:\mavenJar\io\projectreactor\reactor-core\3.2.11.RELEASE\reactor-core-3.2.11.RELEASE.jar;D:\mavenJar\org\reactivestreams\reactive-streams\1.0.2\reactive-streams-1.0.2.jar;D:\mavenJar\redis\clients\jedis\2.9.1\jedis-2.9.1.jar;D:\mavenJar\org\slf4j\slf4j-api\1.7.22\slf4j-api-1.7.22.jar;D:\mavenJar\org\apache\commons\commons-pool2\2.4.3\commons-pool2-2.4.3.jar;D:\mavenJar\org\springframework\boot\spring-boot-starter-web\2.1.0.RELEASE\spring-boot-starter-web-2.1.0.RELEASE.jar;D:\mavenJar\org\springframework\boot\spring-boot-starter-json\2.1.0.RELEASE\spring-boot-starter-json-2.1.0.RELEASE.jar;D:\mavenJar\com\fasterxml\jackson\datatype\jackson-datatype-jdk8\2.9.7\jackson-datatype-jdk8-2.9.7.jar;D:\mavenJar\com\fasterxml\jackson\datatype\jackson-datatype-jsr310\2.9.7\jackson-datatype-jsr310-2.9.7.jar;D:\mavenJar\com\fasterxml\jackson\module\jackson-module-parameter-names\2.9.7\jackson-module-parameter-names-2.9.7.jar;D:\mavenJar\org\springframework\boot\spring-boot-starter-tomcat\2.1.0.RELEASE\spring-boot-starter-tomcat-2.1.0.RELEASE.jar;D:\mavenJar\javax\annotation\javax.annotation-api\1.3.2\javax.annotation-api-1.3.2.jar;D:\mavenJar\org\apache\tomcat\embed\tomcat-embed-core\9.0.12\tomcat-embed-core-9.0.12.jar;D:\mavenJar\org\apache\tomcat\embed\tomcat-embed-el\9.0.12\tomcat-embed-el-9.0.12.jar;D:\mavenJar\org\apache\tomcat\embed\tomcat-embed-websocket\9.0.12\tomcat-embed-websocket-9.0.12.jar;D:\mavenJar\org\hibernate\validator\hibernate-validator\6.0.13.Final\hibernate-validator-6.0.13.Final.jar;D:\mavenJar\javax\validation\validation-api\2.0.1.Final\validation-api-2.0.1.Final.jar;D:\mavenJar\org\jboss\logging\jboss-logging\3.3.2.Final\jboss-logging-3.3.2.Final.jar;D:\mavenJar\com\fasterxml\classmate\1.3.4\classmate-1.3.4.jar;D:\mavenJar\org\springframework\spring-web\5.1.2.RELEASE\spring-web-5.1.2.RELEASE.jar;D:\mavenJar\org\springframework\spring-beans\5.1.2.RELEASE\spring-beans-5.1.2.RELEASE.jar;D:\mavenJar\org\springframework\spring-webmvc\5.1.2.RELEASE\spring-webmvc-5.1.2.RELEASE.jar;D:\mavenJar\org\springframework\spring-expression\5.1.2.RELEASE\spring-expression-5.1.2.RELEASE.jar;D:\mavenJar\org\springframework\boot\spring-boot-starter-aop\2.1.0.RELEASE\spring-boot-starter-aop-2.1.0.RELEASE.jar;D:\mavenJar\org\springframework\spring-aop\5.1.2.RELEASE\spring-aop-5.1.2.RELEASE.jar;D:\mavenJar\org\aspectj\aspectjweaver\1.9.2\aspectjweaver-1.9.2.jar;D:\mavenJar\org\projectlombok\lombok\1.18.12\lombok-1.18.12.jar;D:\mavenJar\org\springframework\boot\spring-boot-starter-data-elasticsearch\2.3.4.RELEASE\spring-boot-starter-data-elasticsearch-2.3.4.RELEASE.jar;D:\mavenJar\org\springframework\boot\spring-boot-starter\2.3.4.RELEASE\spring-boot-starter-2.3.4.RELEASE.jar;D:\mavenJar\org\springframework\boot\spring-boot\2.3.4.RELEASE\spring-boot-2.3.4.RELEASE.jar;D:\mavenJar\org\springframework\boot\spring-boot-autoconfigure\2.3.4.RELEASE\spring-boot-autoconfigure-2.3.4.RELEASE.jar;D:\mavenJar\org\springframework\boot\spring-boot-starter-logging\2.3.4.RELEASE\spring-boot-starter-logging-2.3.4.RELEASE.jar;D:\mavenJar\ch\qos\logback\logback-classic\1.2.3\logback-classic-1.2.3.jar;D:\mavenJar\ch\qos\logback\logback-core\1.2.3\logback-core-1.2.3.jar;D:\mavenJar\org\apache\logging\log4j\log4j-to-slf4j\2.13.3\log4j-to-slf4j-2.13.3.jar;D:\mavenJar\org\apache\logging\log4j\log4j-api\2.13.3\log4j-api-2.13.3.jar;D:\mavenJar\org\slf4j\jul-to-slf4j\1.7.30\jul-to-slf4j-1.7.30.jar;D:\mavenJar\jakarta\annotation\jakarta.annotation-api\1.3.5\jakarta.annotation-api-1.3.5.jar;D:\mavenJar\org\springframework\spring-core\5.2.9.RELEASE\spring-core-5.2.9.RELEASE.jar;D:\mavenJar\org\springframework\spring-jcl\5.2.9.RELEASE\spring-jcl-5.2.9.RELEASE.jar;D:\mavenJar\org\yaml\snakeyaml\1.26\snakeyaml-1.26.jar;D:\mavenJar\org\springframework\data\spring-data-elasticsearch\4.0.4.RELEASE\spring-data-elasticsearch-4.0.4.RELEASE.jar;D:\mavenJar\org\springframework\spring-context\5.2.9.RELEASE\spring-context-5.2.9.RELEASE.jar;D:\mavenJar\org\springframework\spring-tx\5.2.9.RELEASE\spring-tx-5.2.9.RELEASE.jar;D:\mavenJar\org\springframework\data\spring-data-commons\2.3.4.RELEASE\spring-data-commons-2.3.4.RELEASE.jar;D:\mavenJar\org\elasticsearch\plugin\transport-netty4-client\7.6.2\transport-netty4-client-7.6.2.jar;D:\mavenJar\io\netty\netty-buffer\4.1.43.Final\netty-buffer-4.1.43.Final.jar;D:\mavenJar\io\netty\netty-codec\4.1.43.Final\netty-codec-4.1.43.Final.jar;D:\mavenJar\io\netty\netty-codec-http\4.1.43.Final\netty-codec-http-4.1.43.Final.jar;D:\mavenJar\io\netty\netty-resolver\4.1.43.Final\netty-resolver-4.1.43.Final.jar;D:\mavenJar\org\elasticsearch\client\elasticsearch-rest-high-level-client\7.6.2\elasticsearch-rest-high-level-client-7.6.2.jar;D:\mavenJar\org\elasticsearch\elasticsearch\7.6.2\elasticsearch-7.6.2.jar;D:\mavenJar\org\elasticsearch\elasticsearch-core\7.6.2\elasticsearch-core-7.6.2.jar;D:\mavenJar\org\elasticsearch\elasticsearch-secure-sm\7.6.2\elasticsearch-secure-sm-7.6.2.jar;D:\mavenJar\org\elasticsearch\elasticsearch-x-content\7.6.2\elasticsearch-x-content-7.6.2.jar;D:\mavenJar\com\fasterxml\jackson\dataformat\jackson-dataformat-smile\2.8.11\jackson-dataformat-smile-2.8.11.jar;D:\mavenJar\com\fasterxml\jackson\dataformat\jackson-dataformat-yaml\2.8.11\jackson-dataformat-yaml-2.8.11.jar;D:\mavenJar\com\fasterxml\jackson\dataformat\jackson-dataformat-cbor\2.8.11\jackson-dataformat-cbor-2.8.11.jar;D:\mavenJar\org\elasticsearch\elasticsearch-geo\7.6.2\elasticsearch-geo-7.6.2.jar;D:\mavenJar\org\apache\lucene\lucene-core\8.4.0\lucene-core-8.4.0.jar;D:\mavenJar\org\apache\lucene\lucene-analyzers-common\8.4.0\lucene-analyzers-common-8.4.0.jar;D:\mavenJar\org\apache\lucene\lucene-backward-codecs\8.4.0\lucene-backward-codecs-8.4.0.jar;D:\mavenJar\org\apache\lucene\lucene-grouping\8.4.0\lucene-grouping-8.4.0.jar;D:\mavenJar\org\apache\lucene\lucene-highlighter\8.4.0\lucene-highlighter-8.4.0.jar;D:\mavenJar\org\apache\lucene\lucene-join\8.4.0\lucene-join-8.4.0.jar;D:\mavenJar\org\apache\lucene\lucene-memory\8.4.0\lucene-memory-8.4.0.jar;D:\mavenJar\org\apache\lucene\lucene-misc\8.4.0\lucene-misc-8.4.0.jar;D:\mavenJar\org\apache\lucene\lucene-queries\8.4.0\lucene-queries-8.4.0.jar;D:\mavenJar\org\apache\lucene\lucene-queryparser\8.4.0\lucene-queryparser-8.4.0.jar;D:\mavenJar\org\apache\lucene\lucene-sandbox\8.4.0\lucene-sandbox-8.4.0.jar;D:\mavenJar\org\apache\lucene\lucene-spatial\8.4.0\lucene-spatial-8.4.0.jar;D:\mavenJar\org\apache\lucene\lucene-spatial-extras\8.4.0\lucene-spatial-extras-8.4.0.jar;D:\mavenJar\org\apache\lucene\lucene-spatial3d\8.4.0\lucene-spatial3d-8.4.0.jar;D:\mavenJar\org\apache\lucene\lucene-suggest\8.4.0\lucene-suggest-8.4.0.jar;D:\mavenJar\org\elasticsearch\elasticsearch-cli\7.6.2\elasticsearch-cli-7.6.2.jar;D:\mavenJar\net\sf\jopt-simple\jopt-simple\5.0.2\jopt-simple-5.0.2.jar;D:\mavenJar\com\carrotsearch\hppc\0.8.1\hppc-0.8.1.jar;D:\mavenJar\joda-time\joda-time\2.10.4\joda-time-2.10.4.jar;D:\mavenJar\com\tdunning\t-digest\3.2\t-digest-3.2.jar;D:\mavenJar\org\hdrhistogram\HdrHistogram\2.1.9\HdrHistogram-2.1.9.jar;D:\mavenJar\org\elasticsearch\jna\4.5.1\jna-4.5.1.jar;D:\mavenJar\org\elasticsearch\client\elasticsearch-rest-client\7.6.2\elasticsearch-rest-client-7.6.2.jar;D:\mavenJar\org\apache\httpcomponents\httpasyncclient\4.1.4\httpasyncclient-4.1.4.jar;D:\mavenJar\org\apache\httpcomponents\httpcore-nio\4.4.12\httpcore-nio-4.4.12.jar;D:\mavenJar\org\elasticsearch\plugin\mapper-extras-client\7.6.2\mapper-extras-client-7.6.2.jar;D:\mavenJar\org\elasticsearch\plugin\parent-join-client\7.6.2\parent-join-client-7.6.2.jar;D:\mavenJar\org\elasticsearch\plugin\aggs-matrix-stats-client\7.6.2\aggs-matrix-stats-client-7.6.2.jar;D:\mavenJar\org\elasticsearch\plugin\rank-eval-client\7.6.2\rank-eval-client-7.6.2.jar;D:\mavenJar\org\elasticsearch\plugin\lang-mustache-client\7.6.2\lang-mustache-client-7.6.2.jar;D:\mavenJar\com\github\spullara\mustache\java\compiler\0.9.6\compiler-0.9.6.jar;D:\mavenJar\com\fasterxml\jackson\core\jackson-core\2.11.2\jackson-core-2.11.2.jar;D:\mavenJar\com\fasterxml\jackson\core\jackson-databind\2.11.2\jackson-databind-2.11.2.jar;D:\mavenJar\com\fasterxml\jackson\core\jackson-annotations\2.11.2\jackson-annotations-2.11.2.jar;D:\mavenJar\cn\hutool\hutool-all\5.5.2\hutool-all-5.5.2.jar;"/>
    <property name="sun.cpu.endian" value="little"/>
    <property name="user.home" value="C:\Users\王晨阳"/>
    <property name="user.language" value="zh"/>
    <property name="java.specification.vendor" value="Oracle Corporation"/>
    <property name="java.home" value="C:\software\java\jdk1.8\jre"/>
    <property name="basedir" value="C:\software\ide\idea\ToolBox-ES"/>
    <property name="file.separator" value="\"/>
    <property name="line.separator" value="&#10;"/>
    <property name="java.vm.specification.vendor" value="Oracle Corporation"/>
    <property name="java.specification.name" value="Java Platform API Specification"/>
    <property name="java.awt.graphicsenv" value="sun.awt.Win32GraphicsEnvironment"/>
    <property name="surefire.real.class.path" value="C:\Users\王晨阳\AppData\Local\Temp\surefire4823647708231363883\surefirebooter5193627170288541600.jar"/>
    <property name="sun.boot.class.path" value="C:\software\java\jdk1.8\jre\lib\resources.jar;C:\software\java\jdk1.8\jre\lib\rt.jar;C:\software\java\jdk1.8\jre\lib\sunrsasign.jar;C:\software\java\jdk1.8\jre\lib\jsse.jar;C:\software\java\jdk1.8\jre\lib\jce.jar;C:\software\java\jdk1.8\jre\lib\charsets.jar;C:\software\java\jdk1.8\jre\lib\jfr.jar;C:\software\java\jdk1.8\jre\classes"/>
    <property name="user.script" value=""/>
    <property name="sun.management.compiler" value="HotSpot 64-Bit Tiered Compilers"/>
    <property name="java.runtime.version" value="1.8.0_162-b12"/>
    <property name="user.name" value="王晨阳"/>
    <property name="path.separator" value=";"/>
    <property name="os.version" value="10.0"/>
    <property name="java.endorsed.dirs" value="C:\software\java\jdk1.8\jre\lib\endorsed"/>
    <property name="java.runtime.name" value="Java(TM) SE Runtime Environment"/>
    <property name="file.encoding" value="GBK"/>
    <property name="java.vm.name" value="Java HotSpot(TM) 64-Bit Server VM"/>
    <property name="localRepository" value="D:\mavenJar"/>
    <property name="java.vendor.url.bug" value="http://bugreport.sun.com/bugreport/"/>
    <property name="java.io.tmpdir" value="C:\Users\王晨阳\AppData\Local\Temp\"/>
    <property name="idea.version" value="2020.2.3"/>
    <property name="java.version" value="1.8.0_162"/>
    <property name="user.dir" value="C:\software\ide\idea\ToolBox-ES"/>
    <property name="os.arch" value="amd64"/>
    <property name="java.vm.specification.name" value="Java Virtual Machine Specification"/>
    <property name="java.awt.printerjob" value="sun.awt.windows.WPrinterJob"/>
    <property name="sun.os.patch.level" value=""/>
    <property name="java.library.path" value="C:\software\java\jdk1.8\jre\bin;C:\WINDOWS\Sun\Java\bin;C:\WINDOWS\system32;C:\WINDOWS;D:\工具\linux连接工具\Xshell6\;D:\工具\数据传输\xftp6\;C:\software\java\jdk1.8\bin;C:\software\java\jdk1.8\jre\bin;C:\ProgramData\Oracle\Java\javapath;C:\WINDOWS\system32;C:\WINDOWS;C:\WINDOWS\System32\Wbem;C:\WINDOWS\System32\WindowsPowerShell\v1.0\;C:\WINDOWS\System32\OpenSSH\;C:\software\代码管理\svn\bin;C:\software\代码管理\Git\cmd;C:\software\nodeJs\;C:\ProgramData\chocolatey\bin;C:\software\nodeJs\node_global;C:\software\tess\Tesseract-OCR;C:\Users\王晨阳\AppData\Local\Microsoft\WindowsApps;;C:\software\ide\idea\IntelliJ IDEA 2020.1\bin;;C:\Users\王晨阳\AppData\Roaming\npm;C:\software\ide\VSCode\bin;."/>
    <property name="java.vm.info" value="mixed mode"/>
    <property name="java.vendor" value="Oracle Corporation"/>
    <property name="java.vm.version" value="25.162-b12"/>
    <property name="java.ext.dirs" value="C:\software\java\jdk1.8\jre\lib\ext;C:\WINDOWS\Sun\Java\lib\ext"/>
    <property name="sun.io.unicode.encoding" value="UnicodeLittle"/>
    <property name="java.class.version" value="52.0"/>
  </properties>
  <testcase name="shouldAnswerWithTrue" classname="org.wcy.AppTest" time="0.002"/>
</testsuite>